<?xml version="1.0" encoding="UTF-8"?>
<!-- Generated by org.testng.reporters.JUnitReportReporter -->
<testsuite skipped="0" hostname="DESKTOP-IKBH1MC" name="walletHubTests.PostVerifyReview" tests="1" failures="0" timestamp="17 Oct 2019 17:55:18 GMT" time="25.334" errors="0">
  <testcase name="postAndVerifyReview" time="25.334" classname="walletHubTests.PostVerifyReview"/>
</testsuite> <!-- walletHubTests.PostVerifyReview -->
